-------------------------------------------------------------------------------
Test set: com.hms.entity.DoctorTest
-------------------------------------------------------------------------------
Tests run: 34, Failures: 1, Errors: 0, Skipped: 0, Time elapsed: 0.195 s <<< FAILURE! - in com.hms.entity.DoctorTest
testToStringMethod  Time elapsed: 0.029 s  <<< FAILURE!
org.opentest4j.AssertionFailedError: toString() appears to use default Object implementation, which is not helpful for debugging ==> expected: <false> but was: <true>
	at com.hms.entity.DoctorTest.testToStringMethod(DoctorTest.java:220)

